[debug] [2022-04-15T18:34:18.966Z] ----------------------------------------------------------------------
[debug] [2022-04-15T18:34:18.968Z] Command:       /usr/local/bin/node /usr/local/bin/firebase init
[debug] [2022-04-15T18:34:18.968Z] CLI Version:   10.6.0
[debug] [2022-04-15T18:34:18.969Z] Platform:      darwin
[debug] [2022-04-15T18:34:18.969Z] Node Version:  v16.13.2
[debug] [2022-04-15T18:34:18.970Z] Time:          Fri Apr 15 2022 13:34:18 GMT-0500 (Central Daylight Time)
[debug] [2022-04-15T18:34:18.970Z] ----------------------------------------------------------------------
[debug] 
[debug] [2022-04-15T18:34:18.979Z] > command requires scopes: ["email","openid","https://www.googleapis.com/auth/cloudplatformprojects.readonly","https://www.googleapis.com/auth/firebase","https://www.googleapis.com/auth/cloud-platform"]
[debug] [2022-04-15T18:34:18.979Z] > authorizing via signed-in user (haroonmohamedali@gmail.com)
[info] 
     ######## #### ########  ######## ########     ###     ######  ########
     ##        ##  ##     ## ##       ##     ##  ##   ##  ##       ##
     ######    ##  ########  ######   ########  #########  ######  ######
     ##        ##  ##    ##  ##       ##     ## ##     ##       ## ##
     ##       #### ##     ## ######## ########  ##     ##  ######  ########

You're about to initialize a Firebase project in this directory:

  /Users/haroonmohamedali/StudioProjects/gsoc-chromium

[info] 
=== Project Setup
[info] 
[info] First, let's associate this project directory with a Firebase project.
[info] You can create multiple project aliases by running firebase use --add, 
[info] but for now we'll just set up a default project.
[info] 
[debug] [2022-04-15T18:34:38.753Z] >>> [apiv2][query] GET https://firebase.googleapis.com/v1beta1/projects pageSize=100
[debug] [2022-04-15T18:34:39.118Z] <<< [apiv2][status] GET https://firebase.googleapis.com/v1beta1/projects 200
[debug] [2022-04-15T18:34:39.118Z] <<< [apiv2][body] GET https://firebase.googleapis.com/v1beta1/projects [omitted]
[info] i  Using project jobs-aggregation (jobs-aggregation) 
[info] 
=== Hosting Setup
[info] 
[info] Your public directory is the folder (relative to your project directory) that
[info] will contain Hosting assets to be uploaded with firebase deploy. If you
[info] have a build process for your assets, use your build's output directory.
[info] 
[debug] [2022-04-15T18:35:29.417Z] >>> [apiv2][query] GET https://www.gstatic.com/firebasejs/releases.json [none]
[debug] [2022-04-15T18:35:29.506Z] <<< [apiv2][status] GET https://www.gstatic.com/firebasejs/releases.json 200
[debug] [2022-04-15T18:35:29.506Z] <<< [apiv2][body] GET https://www.gstatic.com/firebasejs/releases.json {"current":{"version":"9.6.11","browserURL":"https://www.gstatic.com/firebasejs/9.6.11/firebase.js","packageURL":"https://www.gstatic.com/firebasejs/9.6.11/firebase.tgz"},"live":{"version":"9.6","browserURL":"https://www.gstatic.com/firebasejs/live/9.6/firebase.js","packageURL":"https://www.gstatic.com/firebasejs/live/9.6/firebase.tgz"},"components":{"analytics":"https://www.gstatic.com/firebasejs/9.6.11/firebase-analytics.js","app":"https://www.gstatic.com/firebasejs/9.6.11/firebase-app.js","app-check":"https://www.gstatic.com/firebasejs/9.6.11/firebase-app-check.js","auth":"https://www.gstatic.com/firebasejs/9.6.11/firebase-auth.js","auth/cordova":"https://www.gstatic.com/firebasejs/9.6.11/firebase-auth/cordova.js","auth/react-native":"https://www.gstatic.com/firebasejs/9.6.11/firebase-auth/react-native.js","functions":"https://www.gstatic.com/firebasejs/9.6.11/firebase-functions.js","firestore":"https://www.gstatic.com/firebasejs/9.6.11/firebase-firestore.js","firestore/lite":"https://www.gstatic.com/firebasejs/9.6.11/firebase-firestore/lite.js","storage":"https://www.gstatic.com/firebasejs/9.6.11/firebase-storage.js","performance":"https://www.gstatic.com/firebasejs/9.6.11/firebase-performance.js","remote-config":"https://www.gstatic.com/firebasejs/9.6.11/firebase-remote-config.js","messaging":"https://www.gstatic.com/firebasejs/9.6.11/firebase-messaging.js","messaging/sw":"https://www.gstatic.com/firebasejs/9.6.11/firebase-messaging/sw.js","database":"https://www.gstatic.com/firebasejs/9.6.11/firebase-database.js","firestore.memory":"https://www.gstatic.com/firebasejs/9.6.11/firebase-firestore.memory.js"}}
[info] i  Skipping write of dist/index.html 
[info] 
[info] i  Didn't detect a .git folder. Assuming /Users/haroonmohamedali/StudioProjects/gsoc-chromium is the project root. 
[info] i  Authorizing with GitHub to upload your service account to a GitHub repository's secrets store. 
[info] 
[info] Visit this URL on this device to log in:
[info] https://github.com/login/oauth/authorize?client_id=89cf50f02ac6aaed3484&state=1026802131&redirect_uri=http%3A%2F%2Flocalhost%3A9005&scope=read%3Auser%20repo%20public_repo
[info] 
[info] Waiting for authentication...
[debug] [2022-04-15T18:35:57.987Z] >>> HTTP REQUEST POST https://github.com/login/oauth/access_token  
 {"client_id":"89cf50f02ac6aaed3484","client_secret":"3330d14abc895d9a74d5f17cd7a00711fa2c5bf0","code":"50db38daad8cf7eb48ed","redirect_uri":"http://localhost:9005","state":"1026802131"}
[debug] [2022-04-15T18:35:58.409Z] <<< HTTP RESPONSE 200 {"server":"GitHub.com","date":"Fri, 15 Apr 2022 18:35:58 GMT","content-type":"application/json; charset=utf-8","transfer-encoding":"chunked","vary":"X-PJAX, X-PJAX-Container, Accept-Encoding, Accept, X-Requested-With","permissions-policy":"interest-cohort=()","etag":"W/\"a8748adf3235879cc4f9c12ecd5f12b7\"","cache-control":"max-age=0, private, must-revalidate","strict-transport-security":"max-age=31536000; includeSubdomains; preload","x-frame-options":"deny","x-content-type-options":"nosniff","x-xss-protection":"0","referrer-policy":"origin-when-cross-origin, strict-origin-when-cross-origin","expect-ct":"max-age=2592000, report-uri=\"https://api.github.com/_private/browser/errors\"","content-security-policy":"default-src 'none'; base-uri 'self'; block-all-mixed-content; child-src github.com/assets-cdn/worker/ gist.github.com/assets-cdn/worker/; connect-src 'self' uploads.github.com objects-origin.githubusercontent.com www.githubstatus.com collector.github.com raw.githubusercontent.com api.github.com github-cloud.s3.amazonaws.com github-production-repository-file-5c1aeb.s3.amazonaws.com github-production-upload-manifest-file-7fdce7.s3.amazonaws.com github-production-user-asset-6210df.s3.amazonaws.com cdn.optimizely.com logx.optimizely.com/v1/events translator.github.com *.actions.githubusercontent.com wss://*.actions.githubusercontent.com online.visualstudio.com/api/v1/locations github-production-repository-image-32fea6.s3.amazonaws.com github-production-release-asset-2e65be.s3.amazonaws.com insights.github.com wss://alive.github.com; font-src github.githubassets.com; form-action 'self' github.com gist.github.com objects-origin.githubusercontent.com; frame-ancestors 'none'; frame-src render.githubusercontent.com viewscreen.githubusercontent.com notebooks.githubusercontent.com; img-src 'self' data: github.githubassets.com identicons.github.com github-cloud.s3.amazonaws.com secured-user-images.githubusercontent.com/ *.githubusercontent.com; manifest-src 'self'; media-src github.com user-images.githubusercontent.com/; script-src github.githubassets.com; style-src 'unsafe-inline' github.githubassets.com; worker-src github.com/assets-cdn/worker/ gist.github.com/assets-cdn/worker/","x-github-request-id":"C10A:71CB:5DA0FB:7E636B:6259BB0E"}
[debug] [2022-04-15T18:35:58.424Z] >>> [apiv2][query] GET https://api.github.com/user [none]
[debug] [2022-04-15T18:35:58.703Z] <<< [apiv2][status] GET https://api.github.com/user 200
[debug] [2022-04-15T18:35:58.703Z] <<< [apiv2][body] GET https://api.github.com/user {"login":"haroonmoh","id":60568923,"node_id":"MDQ6VXNlcjYwNTY4OTIz","avatar_url":"https://avatars.githubusercontent.com/u/60568923?v=4","gravatar_id":"","url":"https://api.github.com/users/haroonmoh","html_url":"https://github.com/haroonmoh","followers_url":"https://api.github.com/users/haroonmoh/followers","following_url":"https://api.github.com/users/haroonmoh/following{/other_user}","gists_url":"https://api.github.com/users/haroonmoh/gists{/gist_id}","starred_url":"https://api.github.com/users/haroonmoh/starred{/owner}{/repo}","subscriptions_url":"https://api.github.com/users/haroonmoh/subscriptions","organizations_url":"https://api.github.com/users/haroonmoh/orgs","repos_url":"https://api.github.com/users/haroonmoh/repos","events_url":"https://api.github.com/users/haroonmoh/events{/privacy}","received_events_url":"https://api.github.com/users/haroonmoh/received_events","type":"User","site_admin":false,"name":"haroon","company":null,"blog":"","location":null,"email":null,"hireable":null,"bio":null,"twitter_username":null,"public_repos":2,"public_gists":0,"followers":1,"following":1,"created_at":"2020-02-02T10:14:22Z","updated_at":"2022-04-01T16:18:08Z","private_gists":0,"total_private_repos":13,"owned_private_repos":13,"disk_usage":169455,"collaborators":2,"two_factor_authentication":false,"plan":{"name":"pro","space":976562499,"collaborators":0,"private_repos":9999}}
[info] 
[info] ✔  Success! Logged into GitHub as haroonmoh 
[info] 
